
  .   ____          _            __ _ _
 /\\ / ___'_ __ _ _(_)_ __  __ _ \ \ \ \
( ( )\___ | '_ | '_| | '_ \/ _` | \ \ \ \
 \\/  ___)| |_)| | | | | || (_| |  ) ) ) )
  '  |____| .__|_| |_|_| |_\__, | / / / /
 =========|_|==============|___/=/_/_/_/
[32m :: Spring Boot :: [39m              [2m (v3.1.5)[0;39m

[2m2025-12-17T15:53:12.136+07:00[0;39m [32m INFO[0;39m [35m7850[0;39m [2m---[0;39m [2m[           main][0;39m [36mcom.example.bizflow.BizflowApplication  [0;39m [2m:[0;39m Starting BizflowApplication v1.0.0 using Java 24.0.1 with PID 7850 (/Users/melaniepham/Documents/Viet/HK1 Năm 3/XDHTHDT/duancuoiky/xdpm_huongdoituong_nhom2/target/bizflow-1.0.0.jar started by melaniepham in /Users/melaniepham/Documents/Viet/HK1 Năm 3/XDHTHDT/duancuoiky/xdpm_huongdoituong_nhom2)
[2m2025-12-17T15:53:12.137+07:00[0;39m [32mDEBUG[0;39m [35m7850[0;39m [2m---[0;39m [2m[           main][0;39m [36mcom.example.bizflow.BizflowApplication  [0;39m [2m:[0;39m Running with Spring Boot v3.1.5, Spring v6.0.13
[2m2025-12-17T15:53:12.137+07:00[0;39m [32m INFO[0;39m [35m7850[0;39m [2m---[0;39m [2m[           main][0;39m [36mcom.example.bizflow.BizflowApplication  [0;39m [2m:[0;39m No active profile set, falling back to 1 default profile: "default"
[2m2025-12-17T15:53:12.593+07:00[0;39m [32m INFO[0;39m [35m7850[0;39m [2m---[0;39m [2m[           main][0;39m [36m.s.d.r.c.RepositoryConfigurationDelegate[0;39m [2m:[0;39m Bootstrapping Spring Data JPA repositories in DEFAULT mode.
[2m2025-12-17T15:53:12.625+07:00[0;39m [32m INFO[0;39m [35m7850[0;39m [2m---[0;39m [2m[           main][0;39m [36m.s.d.r.c.RepositoryConfigurationDelegate[0;39m [2m:[0;39m Finished Spring Data repository scanning in 26 ms. Found 1 JPA repository interfaces.
WARNING: A restricted method in java.lang.System has been called
WARNING: java.lang.System::load has been called by org.apache.tomcat.jni.Library in an unnamed module (jar:file:/Users/melaniepham/Documents/Viet/HK1%20Năm%203/XDHTHDT/duancuoiky/xdpm_huongdoituong_nhom2/target/bizflow-1.0.0.jar!/BOOT-INF/lib/tomcat-embed-core-10.1.15.jar!/)
WARNING: Use --enable-native-access=ALL-UNNAMED to avoid a warning for callers in this module
WARNING: Restricted methods will be blocked in a future release unless native access is enabled

[2m2025-12-17T15:53:12.981+07:00[0;39m [32m INFO[0;39m [35m7850[0;39m [2m---[0;39m [2m[           main][0;39m [36mo.s.b.w.embedded.tomcat.TomcatWebServer [0;39m [2m:[0;39m Tomcat initialized with port(s): 8080 (http)
[2m2025-12-17T15:53:12.986+07:00[0;39m [32m INFO[0;39m [35m7850[0;39m [2m---[0;39m [2m[           main][0;39m [36mo.apache.catalina.core.StandardService  [0;39m [2m:[0;39m Starting service [Tomcat]
[2m2025-12-17T15:53:12.987+07:00[0;39m [32m INFO[0;39m [35m7850[0;39m [2m---[0;39m [2m[           main][0;39m [36mo.apache.catalina.core.StandardEngine   [0;39m [2m:[0;39m Starting Servlet engine: [Apache Tomcat/10.1.15]
[2m2025-12-17T15:53:13.025+07:00[0;39m [32m INFO[0;39m [35m7850[0;39m [2m---[0;39m [2m[           main][0;39m [36mo.a.c.c.C.[Tomcat].[localhost].[/]      [0;39m [2m:[0;39m Initializing Spring embedded WebApplicationContext
[2m2025-12-17T15:53:13.025+07:00[0;39m [32m INFO[0;39m [35m7850[0;39m [2m---[0;39m [2m[           main][0;39m [36mw.s.c.ServletWebServerApplicationContext[0;39m [2m:[0;39m Root WebApplicationContext: initialization completed in 861 ms
[2m2025-12-17T15:53:13.125+07:00[0;39m [32m INFO[0;39m [35m7850[0;39m [2m---[0;39m [2m[           main][0;39m [36mo.hibernate.jpa.internal.util.LogHelper [0;39m [2m:[0;39m HHH000204: Processing PersistenceUnitInfo [name: default]
[2m2025-12-17T15:53:13.167+07:00[0;39m [32m INFO[0;39m [35m7850[0;39m [2m---[0;39m [2m[           main][0;39m [36morg.hibernate.Version                   [0;39m [2m:[0;39m HHH000412: Hibernate ORM core version 6.2.13.Final
[2m2025-12-17T15:53:13.169+07:00[0;39m [32m INFO[0;39m [35m7850[0;39m [2m---[0;39m [2m[           main][0;39m [36morg.hibernate.cfg.Environment           [0;39m [2m:[0;39m HHH000406: Using bytecode reflection optimizer
[2m2025-12-17T15:53:13.338+07:00[0;39m [32m INFO[0;39m [35m7850[0;39m [2m---[0;39m [2m[           main][0;39m [36mo.s.o.j.p.SpringPersistenceUnitInfo     [0;39m [2m:[0;39m No LoadTimeWeaver setup: ignoring JPA class transformer
[2m2025-12-17T15:53:13.356+07:00[0;39m [32m INFO[0;39m [35m7850[0;39m [2m---[0;39m [2m[           main][0;39m [36mcom.zaxxer.hikari.HikariDataSource      [0;39m [2m:[0;39m HikariPool-1 - Starting...
[2m2025-12-17T15:53:13.457+07:00[0;39m [32m INFO[0;39m [35m7850[0;39m [2m---[0;39m [2m[           main][0;39m [36mcom.zaxxer.hikari.pool.HikariPool       [0;39m [2m:[0;39m HikariPool-1 - Added connection com.mysql.cj.jdbc.ConnectionImpl@54534abf
[2m2025-12-17T15:53:13.458+07:00[0;39m [32m INFO[0;39m [35m7850[0;39m [2m---[0;39m [2m[           main][0;39m [36mcom.zaxxer.hikari.HikariDataSource      [0;39m [2m:[0;39m HikariPool-1 - Start completed.
[2m2025-12-17T15:53:13.489+07:00[0;39m [33m WARN[0;39m [35m7850[0;39m [2m---[0;39m [2m[           main][0;39m [36morg.hibernate.orm.deprecation           [0;39m [2m:[0;39m HHH90000025: MySQLDialect does not need to be specified explicitly using 'hibernate.dialect' (remove the property setting and it will be selected by default)
[2m2025-12-17T15:53:13.953+07:00[0;39m [32m INFO[0;39m [35m7850[0;39m [2m---[0;39m [2m[           main][0;39m [36mo.h.e.t.j.p.i.JtaPlatformInitiator      [0;39m [2m:[0;39m HHH000489: No JTA platform available (set 'hibernate.transaction.jta.platform' to enable JTA platform integration)
[2m2025-12-17T15:53:13.987+07:00[0;39m [32m INFO[0;39m [35m7850[0;39m [2m---[0;39m [2m[           main][0;39m [36mj.LocalContainerEntityManagerFactoryBean[0;39m [2m:[0;39m Initialized JPA EntityManagerFactory for persistence unit 'default'
[2m2025-12-17T15:53:14.273+07:00[0;39m [33m WARN[0;39m [35m7850[0;39m [2m---[0;39m [2m[           main][0;39m [36mJpaBaseConfiguration$JpaWebConfiguration[0;39m [2m:[0;39m spring.jpa.open-in-view is enabled by default. Therefore, database queries may be performed during view rendering. Explicitly configure spring.jpa.open-in-view to disable this warning
[2m2025-12-17T15:53:14.283+07:00[0;39m [33m WARN[0;39m [35m7850[0;39m [2m---[0;39m [2m[           main][0;39m [36m.s.s.UserDetailsServiceAutoConfiguration[0;39m [2m:[0;39m 

Using generated security password: 0a620873-217b-4e43-846a-28f8cbc6ad6c

This generated password is for development use only. Your security configuration must be updated before running your application in production.

[2m2025-12-17T15:53:14.502+07:00[0;39m [32m INFO[0;39m [35m7850[0;39m [2m---[0;39m [2m[           main][0;39m [36mo.s.s.web.DefaultSecurityFilterChain    [0;39m [2m:[0;39m Will secure any request with [org.springframework.security.web.session.DisableEncodeUrlFilter@49fa1d74, org.springframework.security.web.context.request.async.WebAsyncManagerIntegrationFilter@3f362135, org.springframework.security.web.context.SecurityContextHolderFilter@463561c5, org.springframework.security.web.header.HeaderWriterFilter@5f631ca0, org.springframework.web.filter.CorsFilter@21eee94f, org.springframework.security.web.authentication.logout.LogoutFilter@7377781e, org.springframework.security.web.savedrequest.RequestCacheAwareFilter@3468ee6e, org.springframework.security.web.servletapi.SecurityContextHolderAwareRequestFilter@421def93, org.springframework.security.web.authentication.AnonymousAuthenticationFilter@6bc24e72, org.springframework.security.web.session.SessionManagementFilter@25d0cb3a, org.springframework.security.web.access.ExceptionTranslationFilter@1192b58e, org.springframework.security.web.access.intercept.AuthorizationFilter@5e8507f1]
[2m2025-12-17T15:53:14.635+07:00[0;39m [32m INFO[0;39m [35m7850[0;39m [2m---[0;39m [2m[           main][0;39m [36mo.s.b.w.embedded.tomcat.TomcatWebServer [0;39m [2m:[0;39m Tomcat started on port(s): 8080 (http) with context path ''
[2m2025-12-17T15:53:14.647+07:00[0;39m [32m INFO[0;39m [35m7850[0;39m [2m---[0;39m [2m[           main][0;39m [36mcom.example.bizflow.BizflowApplication  [0;39m [2m:[0;39m Started BizflowApplication in 2.75 seconds (process running for 3.028)
[2m2025-12-17T15:53:18.366+07:00[0;39m [32m INFO[0;39m [35m7850[0;39m [2m---[0;39m [2m[nio-8080-exec-1][0;39m [36mo.a.c.c.C.[Tomcat].[localhost].[/]      [0;39m [2m:[0;39m Initializing Spring DispatcherServlet 'dispatcherServlet'
[2m2025-12-17T15:53:18.367+07:00[0;39m [32m INFO[0;39m [35m7850[0;39m [2m---[0;39m [2m[nio-8080-exec-1][0;39m [36mo.s.web.servlet.DispatcherServlet       [0;39m [2m:[0;39m Initializing Servlet 'dispatcherServlet'
[2m2025-12-17T15:53:18.367+07:00[0;39m [32m INFO[0;39m [35m7850[0;39m [2m---[0;39m [2m[nio-8080-exec-1][0;39m [36mo.s.web.servlet.DispatcherServlet       [0;39m [2m:[0;39m Completed initialization in 0 ms
Login request for username: admin
Attempting to authenticate user: admin
User authenticated successfully: admin
Login request for username: admin
Attempting to authenticate user: admin
User authenticated successfully: admin
Login request for username: test
Attempting to authenticate user: test
User authenticated successfully: test
Login request for username: admin
Attempting to authenticate user: admin
User authenticated successfully: admin
Login request for username: admin
Attempting to authenticate user: admin
User authenticated successfully: admin
